<?xml version="1.0" encoding="UTF-8"?>
<testsuite xmlns:xsi="http://www.w3.org/2001/XMLSchema-instance" xsi:noNamespaceSchemaLocation="https://maven.apache.org/surefire/maven-surefire-plugin/xsd/surefire-test-report-3.0.xsd" version="3.0" name="com.chess.dto.GameTest" time="0.074" tests="18" errors="0" skipped="0" failures="0">
  <properties>
[...]
</properties>
  <testcase name="testInvalidMoveFromEmptySquare" classname="com.chess.dto.GameTest" time="0.034">
    <system-out><![CDATA[ ▶ Invalid move according to chess rules.
]]></system-out>
  </testcase>
  <testcase name="testEndGame" classname="com.chess.dto.GameTest" time="0"/>
  <testcase name="testGameStateConsistency" classname="com.chess.dto.GameTest" time="0"/>
  <testcase name="testGameCreation" classname="com.chess.dto.GameTest" time="0.001"/>
  <testcase name="testPrintMoveHistory" classname="com.chess.dto.GameTest" time="0.008">
    <system-out><![CDATA[ ▶ No moves have been made yet.
 ▶ Move History:
 1. WhitePlayer: e2 -> e4
]]></system-out>
  </testcase>
  <testcase name="testGameIdGeneration" classname="com.chess.dto.GameTest" time="0"/>
  <testcase name="testSwitchTurn" classname="com.chess.dto.GameTest" time="0.001"/>
  <testcase name="testGameIdUniqueness" classname="com.chess.dto.GameTest" time="0.001"/>
  <testcase name="testPlayerReferences" classname="com.chess.dto.GameTest" time="0.001"/>
  <testcase name="testValidMove" classname="com.chess.dto.GameTest" time="0"/>
  <testcase name="testInitialGameState" classname="com.chess.dto.GameTest" time="0.001"/>
  <testcase name="testCurrentPlayer" classname="com.chess.dto.GameTest" time="0"/>
  <testcase name="testMoveHistory" classname="com.chess.dto.GameTest" time="0.001"/>
  <testcase name="testMultipleMoves" classname="com.chess.dto.GameTest" time="0.001"/>
  <testcase name="testBoardAccess" classname="com.chess.dto.GameTest" time="0.001"/>
  <testcase name="testSetters" classname="com.chess.dto.GameTest" time="0"/>
  <testcase name="testInvalidMoveWrongPlayer" classname="com.chess.dto.GameTest" time="0.001">
    <system-out><![CDATA[ ▶ It's not your turn.
]]></system-out>
  </testcase>
  <testcase name="testMoveAfterGameFinished" classname="com.chess.dto.GameTest" time="0.001">
    <system-out><![CDATA[ ▶ The game is already over.
]]></system-out>
  </testcase>
</testsuite>